<?xml version="1.0" encoding="UTF-8"?>
<robot generator="Robot 5.0.1 (Python 3.10.4 on win32)" generated="20220816 12:47:42.277" rpa="false" schemaversion="3">
<suite id="s1" name="suitesTests" source="H:\WWW\TESTES-QA\GETNET\challenge_getnet_api\getnet_api_robot\suitesTests">
<suite id="s1-s1" name="TestDeleteUser" source="H:\WWW\TESTES-QA\GETNET\challenge_getnet_api\getnet_api_robot\suitesTests\TestDeleteUser.robot">
<test id="s1-s1-t1" name="Deve Excluir um registro de usuário dado id valido então retorna status 204" line="8">
<kw name="Dado o endereço da API" library="stepDELETE">
<kw name="Start Session" library="base">
<kw name="Create Session" library="RequestsLibrary">
<arg>GETNET_API_ROBOT</arg>
<arg>${BASE_URL}</arg>
<arg>verify=True</arg>
<doc>Create Session: create a HTTP session to a server</doc>
<msg timestamp="20220816 12:47:42.985" level="INFO">Creating Session using : alias=GETNET_API_ROBOT, url=https://reqres.in, headers={},                     cookies={}, auth=None, timeout=None, proxies=None, verify=True,                     debug=0 </msg>
<status status="PASS" starttime="20220816 12:47:42.985" endtime="20220816 12:47:42.985"/>
</kw>
<status status="PASS" starttime="20220816 12:47:42.985" endtime="20220816 12:47:42.986"/>
</kw>
<status status="PASS" starttime="20220816 12:47:42.984" endtime="20220816 12:47:42.986"/>
</kw>
<kw name="Quando realizar uma requisição para excluir um cadastro de usuário com id valido" library="stepDELETE">
<kw name="DELETE" library="REST">
<arg>${ENDPOINT_DELETE}</arg>
<tag>http</tag>
<doc>*Sends a DELETE request to the endpoint.*</doc>
<status status="PASS" starttime="20220816 12:47:42.986" endtime="20220816 12:48:46.701"/>
</kw>
<status status="PASS" starttime="20220816 12:47:42.986" endtime="20220816 12:48:46.701"/>
</kw>
<kw name="Então a API irá retornar os dados da exclusão respondendo o código 204" library="stepDELETE">
<kw name="Validate status code 204" library="stepDELETE">
<kw name="Integer" library="REST">
<arg>response status</arg>
<arg>204</arg>
<tag>assertions</tag>
<doc>*Asserts the field as JSON integer.*</doc>
<status status="PASS" starttime="20220816 12:48:46.702" endtime="20220816 12:48:46.704"/>
</kw>
<kw name="Output" library="REST">
<arg>response status</arg>
<tag>I/O</tag>
<doc>*Outputs JSON to terminal or a file.*</doc>
<msg timestamp="20220816 12:48:46.704" level="INFO">
204</msg>
<status status="PASS" starttime="20220816 12:48:46.704" endtime="20220816 12:48:46.716"/>
</kw>
<kw name="REST Instances" library="REST">
<arg>${OUTPUTDIR}/rest.delete_user.json</arg>
<tag>I/O</tag>
<doc>*Writes the instances as JSON to a file.*</doc>
<status status="PASS" starttime="20220816 12:48:46.717" endtime="20220816 12:48:46.718"/>
</kw>
<kw name="Output" library="REST">
<arg>$</arg>
<tag>I/O</tag>
<doc>*Outputs JSON to terminal or a file.*</doc>
<msg timestamp="20220816 12:48:46.718" level="INFO">
""</msg>
<status status="PASS" starttime="20220816 12:48:46.718" endtime="20220816 12:48:46.719"/>
</kw>
<status status="PASS" starttime="20220816 12:48:46.702" endtime="20220816 12:48:46.719"/>
</kw>
<status status="PASS" starttime="20220816 12:48:46.702" endtime="20220816 12:48:46.719"/>
</kw>
<tag>delete</tag>
<status status="PASS" starttime="20220816 12:47:42.984" endtime="20220816 12:48:46.720"/>
</test>
<doc>Suite de testes PATCH</doc>
<status status="PASS" starttime="20220816 12:47:42.300" endtime="20220816 12:48:46.721"/>
</suite>
<status status="PASS" starttime="20220816 12:47:42.279" endtime="20220816 12:48:46.723"/>
</suite>
<statistics>
<total>
<stat pass="1" fail="0" skip="0">All Tests</stat>
</total>
<tag>
<stat pass="1" fail="0" skip="0">delete</stat>
</tag>
<suite>
<stat pass="1" fail="0" skip="0" id="s1" name="suitesTests">suitesTests</stat>
<stat pass="1" fail="0" skip="0" id="s1-s1" name="TestDeleteUser">suitesTests.TestDeleteUser</stat>
</suite>
</statistics>
<errors>
</errors>
</robot>
